[18:08:18] [main/INFO]: Setting user: Player983
[18:08:19] [Client thread/INFO]: LWJGL Version: 2.9.1
[18:08:24] [Client thread/INFO]: Reloading ResourceManager: Default, FMLFileResourcePack:Forge Mod Loader, FMLFileResourcePack:Minecraft Forge, FMLFileResourcePack:Skillz
[18:08:25] [Sound Library Loader/INFO]: Sound engine started
[18:08:25] [Client thread/INFO]: Created: 16x16 textures/blocks-atlas
[18:08:25] [Client thread/INFO]: Created: 16x16 textures/items-atlas
[18:08:25] [Client thread/INFO]: Reloading ResourceManager: Default, FMLFileResourcePack:Forge Mod Loader, FMLFileResourcePack:Minecraft Forge, FMLFileResourcePack:Skillz
[18:08:25] [Client thread/INFO]: Created: 512x256 textures/blocks-atlas
[18:08:25] [Client thread/INFO]: Created: 256x256 textures/items-atlas
[18:08:26] [Sound Library Loader/INFO]: Sound engine started
[18:08:33] [Server thread/INFO]: Starting integrated minecraft server version 1.7.10
[18:08:33] [Server thread/INFO]: Generating keypair
[18:08:33] [Server thread/INFO]: Preparing start region for level 0
[18:08:34] [Server thread/INFO]: Changing view distance to 8, from 10
[18:08:35] [Server thread/INFO]: Player983[local:E:dee16d82] logged in with entity id 313 at (-169.69650135941458, 70.0, 236.39777701999571)
[18:08:35] [Server thread/INFO]: Player983 joined the game
[18:08:35] [Client thread/INFO]: [CHAT] You spawned. Path: H:\GitHub\Skillz\eclipse\saves\New World\skillzProfil.dat
[18:08:35] [Client thread/INFO]: [CHAT] Player983 spawned. Trying to fetch data...
[18:08:35] [Client thread/INFO]: [CHAT] Read 0
[18:09:03] [Server thread/INFO]: Player983 has just earned the achievement [Taking Inventory]
[18:09:03] [Client thread/INFO]: [CHAT] Player983 has just earned the achievement [Taking Inventory]
[18:09:04] [Client thread/INFO]: [CHAT] Blocks mined: 0
[18:09:04] [Client thread/INFO]: [CHAT] Blocks mined: 0
[18:09:10] [Client thread/INFO]: [CHAT] Blocks mined: 2
[18:09:10] [Client thread/INFO]: [CHAT] Blocks mined: 2
[18:09:15] [Server thread/INFO]: Player983 fell out of the world
[18:09:15] [Client thread/INFO]: [CHAT] Player983 died. Trying to save their data...
[18:09:15] [Client thread/INFO]: [CHAT] Wrote 4 [4]
[18:09:15] [Client thread/INFO]: [CHAT] Player983 fell out of the world
[18:09:15] [Client thread/INFO]: [CHAT] Ouch! That looked like it hurt
[18:09:16] [Client thread/INFO]: [CHAT] You spawned. Path: H:\GitHub\Skillz\eclipse\saves\New World\skillzProfil.dat
[18:09:16] [Client thread/INFO]: [CHAT] Player983 spawned. Trying to fetch data...
[18:09:16] [Client thread/INFO]: [CHAT] Read 4
[18:09:19] [Client thread/INFO]: [CHAT] Wrote 4 [4]
[18:09:23] [Server thread/INFO]: Player983 has just earned the achievement [Getting Wood]
[18:09:23] [Client thread/INFO]: [CHAT] Player983 has just earned the achievement [Getting Wood]
[18:10:04] [Client thread/INFO]: [CHAT] Wrote 4 [4]
[18:10:49] [Client thread/INFO]: [CHAT] Wrote 4 [4]
[18:11:19] [Client thread/INFO]: [CHAT] Blocks mined: 4
[18:11:19] [Client thread/INFO]: [CHAT] Blocks mined: 4
[18:11:20] [Server thread/INFO]: Saving and pausing game...
[18:11:20] [Server thread/INFO]: Saving chunks for level 'New World'/Overworld
[18:11:20] [Server thread/INFO]: Saving chunks for level 'New World'/Nether
[18:11:20] [Server thread/INFO]: Saving chunks for level 'New World'/The End
[18:11:21] [Server thread/INFO]: Stopping server
[18:11:21] [Server thread/INFO]: Saving players
[18:11:21] [Server thread/INFO]: Saving worlds
[18:11:21] [Server thread/INFO]: Saving chunks for level 'New World'/Overworld
[18:11:21] [Server thread/INFO]: Saving chunks for level 'New World'/Nether
[18:11:21] [Server thread/INFO]: Saving chunks for level 'New World'/The End
[18:11:22] [Server thread/INFO]: Starting integrated minecraft server version 1.7.10
[18:11:22] [Server thread/INFO]: Generating keypair
[18:11:22] [Server thread/INFO]: Preparing start region for level 0
[18:11:23] [Server thread/INFO]: Changing view distance to 8, from 10
[18:11:23] [Server thread/INFO]: Player983[local:E:02802606] logged in with entity id 8052 at (-163.2724939555691, 64.0, 231.38860781911538)
[18:11:23] [Server thread/INFO]: Player983 joined the game
[18:11:23] [Client thread/INFO]: [CHAT] You spawned. Path: H:\GitHub\Skillz\eclipse\saves\New World\skillzProfil.dat
[18:11:23] [Client thread/INFO]: [CHAT] Player983 spawned. Trying to fetch data...
[18:11:23] [Client thread/INFO]: [CHAT] Read 4
[18:11:23] [Client thread/INFO]: [CHAT] Blocks mined: 4
[18:11:23] [Client thread/INFO]: [CHAT] Blocks mined: 4
[18:12:08] [Client thread/INFO]: [CHAT] Wrote 4 [4]
[18:12:53] [Client thread/INFO]: [CHAT] Wrote 4 [4]
[18:13:38] [Client thread/INFO]: [CHAT] Wrote 4 [4]
[18:14:23] [Client thread/INFO]: [CHAT] Wrote 4 [4]
[18:15:08] [Client thread/INFO]: [CHAT] Wrote 4 [4]
[18:15:53] [Client thread/INFO]: [CHAT] Wrote 4 [4]
[18:16:38] [Client thread/INFO]: [CHAT] Wrote 4 [4]
[18:17:23] [Client thread/INFO]: [CHAT] Wrote 4 [4]
[18:18:08] [Client thread/INFO]: [CHAT] Wrote 4 [4]
[18:18:53] [Client thread/INFO]: [CHAT] Wrote 4 [4]
[18:19:17] [Server thread/INFO]: Saving and pausing game...
[18:19:17] [Server thread/INFO]: Saving chunks for level 'New World'/Overworld
[18:19:17] [Server thread/INFO]: Saving chunks for level 'New World'/Nether
[18:19:17] [Server thread/INFO]: Saving chunks for level 'New World'/The End
[18:19:20] [Client thread/INFO]: Started on 5985
[18:19:20] [Client thread/INFO]: [CHAT] Local game hosted on port 5985
[18:19:20] [Client thread/INFO]: [CHAT] Wrote 4 [4]
[18:19:24] [Server thread/INFO]: [Player983: Set the time to 1000]
[18:19:24] [Client thread/INFO]: [CHAT] Set the time to 1000
